# JRE version: Java(TM) SE Runtime Environment (7.0_45-b18) (build 1.7.0_45-b18)
# Java VM: Java HotSpot(TM) 64-Bit Server VM (24.45-b08 mixed mode bsd-amd64 compressed oops)
Heap
 PSYoungGen      total 65536K, used 41562K [0x00000007d5500000, 0x00000007d9c00000, 0x0000000800000000)
  eden space 59904K, 66% used [0x00000007d5500000,0x00000007d7ba71d0,0x00000007d8f80000)
  from space 5632K, 35% used [0x00000007d9480000,0x00000007d966f998,0x00000007d9a00000)
  to   space 5120K, 0% used [0x00000007d8f80000,0x00000007d8f80000,0x00000007d9480000)
 ParOldGen       total 87040K, used 36424K [0x0000000780000000, 0x0000000785500000, 0x00000007d5500000)
  object space 87040K, 41% used [0x0000000780000000,0x0000000782392090,0x0000000785500000)
 PSPermGen       total 21504K, used 13206K [0x000000077ae00000, 0x000000077c300000, 0x0000000780000000)
  object space 21504K, 61% used [0x000000077ae00000,0x000000077bae5b68,0x000000077c300000)
GC Heap History (10 events):
Event: 60.589 GC heap before
{Heap before GC invocations=34 (full 0):
 PSYoungGen      total 56832K, used 56697K [0x00000007d5500000, 0x00000007da480000, 0x0000000800000000)
  eden space 55296K, 100% used [0x00000007d5500000,0x00000007d8b00000,0x00000007d8b00000)
  from space 1536K, 91% used [0x00000007d9b80000,0x00000007d9cde470,0x00000007d9d00000)
  to   space 6144K, 0% used [0x00000007d9e80000,0x00000007d9e80000,0x00000007da480000)
 ParOldGen       total 87040K, used 32859K [0x0000000780000000, 0x0000000785500000, 0x00000007d5500000)
  object space 87040K, 37% used [0x0000000780000000,0x0000000782016ca8,0x0000000785500000)
 PSPermGen       total 21504K, used 13197K [0x000000077ae00000, 0x000000077c300000, 0x0000000780000000)
  object space 21504K, 61% used [0x000000077ae00000,0x000000077bae3728,0x000000077c300000)
Event: 60.591 GC heap after
Heap after GC invocations=34 (full 0):
 PSYoungGen      total 56320K, used 2282K [0x00000007d5500000, 0x00000007da100000, 0x0000000800000000)
  eden space 53760K, 0% used [0x00000007d5500000,0x00000007d5500000,0x00000007d8980000)
  from space 2560K, 89% used [0x00000007d9e80000,0x00000007da0ba998,0x00000007da100000)
  to   space 5632K, 0% used [0x00000007d9600000,0x00000007d9600000,0x00000007d9b80000)
 ParOldGen       total 87040K, used 32963K [0x0000000780000000, 0x0000000785500000, 0x00000007d5500000)
  object space 87040K, 37% used [0x0000000780000000,0x0000000782030cd8,0x0000000785500000)
 PSPermGen       total 21504K, used 13197K [0x000000077ae00000, 0x000000077c300000, 0x0000000780000000)
  object space 21504K, 61% used [0x000000077ae00000,0x000000077bae3728,0x000000077c300000)
}
Event: 62.331 GC heap before
{Heap before GC invocations=35 (full 0):
 PSYoungGen      total 56320K, used 56042K [0x00000007d5500000, 0x00000007da100000, 0x0000000800000000)
  eden space 53760K, 100% used [0x00000007d5500000,0x00000007d8980000,0x00000007d8980000)
  from space 2560K, 89% used [0x00000007d9e80000,0x00000007da0ba998,0x00000007da100000)
  to   space 5632K, 0% used [0x00000007d9600000,0x00000007d9600000,0x00000007d9b80000)
 ParOldGen       total 87040K, used 32963K [0x0000000780000000, 0x0000000785500000, 0x00000007d5500000)
  object space 87040K, 37% used [0x0000000780000000,0x0000000782030cd8,0x0000000785500000)
 PSPermGen       total 21504K, used 13199K [0x000000077ae00000, 0x000000077c300000, 0x0000000780000000)
  object space 21504K, 61% used [0x000000077ae00000,0x000000077bae3eb8,0x000000077c300000)
Event: 62.333 GC heap after
Heap after GC invocations=35 (full 0):
 PSYoungGen      total 53248K, used 848K [0x00000007d5500000, 0x00000007d9f00000, 0x0000000800000000)
  eden space 52224K, 0% used [0x00000007d5500000,0x00000007d5500000,0x00000007d8800000)
  from space 1024K, 82% used [0x00000007d9600000,0x00000007d96d4010,0x00000007d9700000)
  to   space 5632K, 0% used [0x00000007d9980000,0x00000007d9980000,0x00000007d9f00000)
 ParOldGen       total 87040K, used 33355K [0x0000000780000000, 0x0000000785500000, 0x00000007d5500000)
  object space 87040K, 38% used [0x0000000780000000,0x0000000782092e88,0x0000000785500000)
 PSPermGen       total 21504K, used 13199K [0x000000077ae00000, 0x000000077c300000, 0x0000000780000000)
  object space 21504K, 61% used [0x000000077ae00000,0x000000077bae3eb8,0x000000077c300000)
}
Event: 65.111 GC heap before
{Heap before GC invocations=36 (full 0):
 PSYoungGen      total 53248K, used 53065K [0x00000007d5500000, 0x00000007d9f00000, 0x0000000800000000)
  eden space 52224K, 99% used [0x00000007d5500000,0x00000007d87fe510,0x00000007d8800000)
  from space 1024K, 82% used [0x00000007d9600000,0x00000007d96d4010,0x00000007d9700000)
  to   space 5632K, 0% used [0x00000007d9980000,0x00000007d9980000,0x00000007d9f00000)
 ParOldGen       total 87040K, used 33355K [0x0000000780000000, 0x0000000785500000, 0x00000007d5500000)
  object space 87040K, 38% used [0x0000000780000000,0x0000000782092e88,0x0000000785500000)
 PSPermGen       total 21504K, used 13200K [0x000000077ae00000, 0x000000077c300000, 0x0000000780000000)
  object space 21504K, 61% used [0x000000077ae00000,0x000000077bae4248,0x000000077c300000)
Event: 65.113 GC heap after
Heap after GC invocations=36 (full 0):
 PSYoungGen      total 52224K, used 1215K [0x00000007d5500000, 0x00000007d9b00000, 0x0000000800000000)
  eden space 50688K, 0% used [0x00000007d5500000,0x00000007d5500000,0x00000007d8680000)
  from space 1536K, 79% used [0x00000007d9980000,0x00000007d9aafdd0,0x00000007d9b00000)
  to   space 5632K, 0% used [0x00000007d9000000,0x00000007d9000000,0x00000007d9580000)
 ParOldGen       total 87040K, used 33715K [0x0000000780000000, 0x0000000785500000, 0x00000007d5500000)
  object space 87040K, 38% used [0x0000000780000000,0x00000007820ecf78,0x0000000785500000)
 PSPermGen       total 21504K, used 13200K [0x000000077ae00000, 0x000000077c300000, 0x0000000780000000)
  object space 21504K, 61% used [0x000000077ae00000,0x000000077bae4248,0x000000077c300000)
}
Event: 66.208 GC heap before
{Heap before GC invocations=37 (full 0):
 PSYoungGen      total 52224K, used 51903K [0x00000007d5500000, 0x00000007d9b00000, 0x0000000800000000)
  eden space 50688K, 100% used [0x00000007d5500000,0x00000007d8680000,0x00000007d8680000)
  from space 1536K, 79% used [0x00000007d9980000,0x00000007d9aafdd0,0x00000007d9b00000)
  to   space 5632K, 0% used [0x00000007d9000000,0x00000007d9000000,0x00000007d9580000)
 ParOldGen       total 87040K, used 33715K [0x0000000780000000, 0x0000000785500000, 0x00000007d5500000)
  object space 87040K, 38% used [0x0000000780000000,0x00000007820ecf78,0x0000000785500000)
 PSPermGen       total 21504K, used 13206K [0x000000077ae00000, 0x000000077c300000, 0x0000000780000000)
  object space 21504K, 61% used [0x000000077ae00000,0x000000077bae5820,0x000000077c300000)
Event: 66.210 GC heap after
Heap after GC invocations=37 (full 0):
 PSYoungGen      total 52736K, used 2849K [0x00000007d5500000, 0x00000007d9a00000, 0x0000000800000000)
  eden space 49664K, 0% used [0x00000007d5500000,0x00000007d5500000,0x00000007d8580000)
  from space 3072K, 92% used [0x00000007d9000000,0x00000007d92c8508,0x00000007d9300000)
  to   space 5632K, 0% used [0x00000007d9480000,0x00000007d9480000,0x00000007d9a00000)
 ParOldGen       total 87040K, used 34164K [0x0000000780000000, 0x0000000785500000, 0x00000007d5500000)
  object space 87040K, 39% used [0x0000000780000000,0x000000078215d0f8,0x0000000785500000)
 PSPermGen       total 21504K, used 13206K [0x000000077ae00000, 0x000000077c300000, 0x0000000780000000)
  object space 21504K, 61% used [0x000000077ae00000,0x000000077bae5820,0x000000077c300000)
}
Event: 66.245 GC heap before
{Heap before GC invocations=38 (full 0):
 PSYoungGen      total 52736K, used 52513K [0x00000007d5500000, 0x00000007d9a00000, 0x0000000800000000)
  eden space 49664K, 100% used [0x00000007d5500000,0x00000007d8580000,0x00000007d8580000)
  from space 3072K, 92% used [0x00000007d9000000,0x00000007d92c8508,0x00000007d9300000)
  to   space 5632K, 0% used [0x00000007d9480000,0x00000007d9480000,0x00000007d9a00000)
 ParOldGen       total 87040K, used 34164K [0x0000000780000000, 0x0000000785500000, 0x00000007d5500000)
  object space 87040K, 39% used [0x0000000780000000,0x000000078215d0f8,0x0000000785500000)
 PSPermGen       total 21504K, used 13206K [0x000000077ae00000, 0x000000077c300000, 0x0000000780000000)
  object space 21504K, 61% used [0x000000077ae00000,0x000000077bae59d8,0x000000077c300000)
Event: 66.247 GC heap after
Heap after GC invocations=38 (full 0):
 PSYoungGen      total 65536K, used 1982K [0x00000007d5500000, 0x00000007d9c00000, 0x0000000800000000)
  eden space 59904K, 0% used [0x00000007d5500000,0x00000007d5500000,0x00000007d8f80000)
  from space 5632K, 35% used [0x00000007d9480000,0x00000007d966f998,0x00000007d9a00000)
  to   space 5120K, 0% used [0x00000007d8f80000,0x00000007d8f80000,0x00000007d9480000)
 ParOldGen       total 87040K, used 36424K [0x0000000780000000, 0x0000000785500000, 0x00000007d5500000)
  object space 87040K, 41% used [0x0000000780000000,0x0000000782392090,0x0000000785500000)
 PSPermGen       total 21504K, used 13206K [0x000000077ae00000, 0x000000077c300000, 0x0000000780000000)
  object space 21504K, 61% used [0x000000077ae00000,0x000000077bae59d8,0x000000077c300000)
}

